$ free -h
               total        used        free      shared  buff/cache   available
Mem:            15Gi       966Mi        12Gi       198Mi       1.8Gi        13Gi
Swap:          8.0Gi          0B       8.0Gi
$ ../julia  --check-bounds=yes --startup-file=no --depwarn=error ./runtests.jl  LinearAlgebra -LinearAlgebra/triangular -LinearAlgebra/bidiag -LinearAlgebra/matmul -LinearAlgebra/addmul
Running parallel tests with:
  nworkers() = 16
  nthreads() = 1
  Sys.CPU_THREADS = 16
  Sys.total_memory() = 15.363 GiB
  Sys.free_memory() = 11.278 GiB

Test                           (Worker) | Time (s) | GC (s) | GC % | Alloc (MB) | RSS (MB)
tests = Any["LinearAlgebra/dense", "LinearAlgebra/symmetric", "LinearAlgebra/diagonal", "LinearAlgebra/special", "LinearAlgebra/qr", "LinearAlgebra/cholesky", "LinearAlgebra/blas", "LinearAlgebra/lu", "LinearAlgebra/uniformscaling", "LinearAlgebra/structuredbroadcast", "LinearAlgebra/hessenberg", "LinearAlgebra/svd", "LinearAlgebra/eigen", "LinearAlgebra/tridiag", "LinearAlgebra/lapack", "LinearAlgebra/lq", "LinearAlgebra/adjtrans", "LinearAlgebra/generic", "LinearAlgebra/schur", "LinearAlgebra/bunchkaufman", "LinearAlgebra/givens", "LinearAlgebra/pinv", "LinearAlgebra/factorization", "LinearAlgebra/abstractq", "LinearAlgebra/ldlt", "LinearAlgebra/symmetriceigen"]
node1_tests = String[]
LinearAlgebra/lapack               (16) |        started at 2023-07-05T19:39:54.947
LinearAlgebra/lu                    (9) |        started at 2023-07-05T19:39:55.022
LinearAlgebra/cholesky              (7) |        started at 2023-07-05T19:39:55.124
LinearAlgebra/blas                  (8) |        started at 2023-07-05T19:39:55.124
LinearAlgebra/lq                   (17) |        started at 2023-07-05T19:39:55.125
LinearAlgebra/svd                  (13) |        started at 2023-07-05T19:39:55.125
LinearAlgebra/eigen                (14) |        started at 2023-07-05T19:39:55.125
LinearAlgebra/uniformscaling       (10) |        started at 2023-07-05T19:39:55.125
LinearAlgebra/symmetric             (3) |        started at 2023-07-05T19:39:55.125
LinearAlgebra/structuredbroadcast  (11) |        started at 2023-07-05T19:39:55.125
LinearAlgebra/qr                    (6) |        started at 2023-07-05T19:39:55.125
LinearAlgebra/tridiag              (15) |        started at 2023-07-05T19:39:55.125
LinearAlgebra/hessenberg           (12) |        started at 2023-07-05T19:39:55.125
LinearAlgebra/diagonal              (4) |        started at 2023-07-05T19:39:55.125
LinearAlgebra/dense                 (2) |        started at 2023-07-05T19:39:55.125
LinearAlgebra/special               (5) |        started at 2023-07-05T19:39:55.125
LinearAlgebra/lapack               (16) |   109.92 |   1.77 |  1.6 |    3730.51 |   628.07
GC: pause 9.36ms. collected 26.609960MB. incr
GC: pause 27.69ms. collected 0.201112MB. full recollect
GC: pause 123.03ms. collected 12.860120MB. incr
LinearAlgebra/adjtrans             (16) |        started at 2023-07-05T19:41:45.544
LinearAlgebra/tridiag              (15) |   127.02 |   2.17 |  1.7 |    4990.78 |   672.98
GC: pause 2.86ms. collected 0.061040MB. incr
GC: pause 31.68ms. collected 0.002976MB. full recollect
GC: pause 118.19ms. collected 0.001936MB. incr
LinearAlgebra/generic              (15) |        started at 2023-07-05T19:42:02.441
LinearAlgebra/lq                   (17) |   127.29 |   2.17 |  1.7 |    4886.23 |   702.98
GC: pause 0.49ms. collected 0.023440MB. incr
GC: pause 23.63ms. collected 0.000000MB. full recollect
GC: pause 112.10ms. collected 0.001928MB. incr
LinearAlgebra/schur                (17) |        started at 2023-07-05T19:42:02.725
LinearAlgebra/blas                  (8) |   128.18 |   1.88 |  1.5 |    4236.46 |   828.43
GC: pause 0.40ms. collected 0.023544MB. incr
GC: pause 21.39ms. collected 0.000000MB. full recollect
GC: pause 104.80ms. collected 0.001936MB. incr
LinearAlgebra/bunchkaufman          (8) |        started at 2023-07-05T19:42:03.577
LinearAlgebra/uniformscaling       (10) |   165.41 |   2.98 |  1.8 |    5057.63 |  1134.57
GC: pause 0.46ms. collected 0.023456MB. incr
GC: pause 22.66ms. collected 0.000000MB. full recollect
GC: pause 118.34ms. collected 0.001944MB. incr
LinearAlgebra/givens               (10) |        started at 2023-07-05T19:42:40.825
LinearAlgebra/adjtrans             (16) |    58.89 |   1.22 |  2.1 |    2389.81 |   689.55
GC: pause 0.45ms. collected 0.023368MB. incr
GC: pause 29.42ms. collected 0.000000MB. full recollect
GC: pause 102.77ms. collected 0.002016MB. incr
LinearAlgebra/pinv                 (16) |        started at 2023-07-05T19:42:44.568
LinearAlgebra/hessenberg           (12) |   175.74 |   2.22 |  1.3 |    5277.43 |   651.95
GC: pause 0.50ms. collected 0.026424MB. incr
GC: pause 22.72ms. collected 0.000000MB. full recollect
GC: pause 109.12ms. collected 0.002512MB. incr
LinearAlgebra/factorization        (12) |        started at 2023-07-05T19:42:51.147
LinearAlgebra/factorization        (12) |     7.51 |   0.19 |  2.5 |     312.61 |   661.47
GC: pause 0.41ms. collected 0.024648MB. incr
GC: pause 20.68ms. collected 0.000000MB. full recollect
GC: pause 110.24ms. collected 0.000768MB. incr
LinearAlgebra/abstractq            (12) |        started at 2023-07-05T19:42:58.792
LinearAlgebra/pinv                 (16) |    18.76 |   0.48 |  2.5 |     998.49 |   785.15
GC: pause 0.40ms. collected 0.027000MB. incr
GC: pause 20.88ms. collected 0.000000MB. full recollect
GC: pause 105.21ms. collected 0.003760MB. incr
LinearAlgebra/ldlt                 (16) |        started at 2023-07-05T19:43:03.454
LinearAlgebra/ldlt                 (16) |     1.58 |   0.03 |  1.9 |      55.70 |   785.15
GC: pause 0.45ms. collected 0.027608MB. incr
GC: pause 23.17ms. collected 0.000000MB. full recollect
GC: pause 112.04ms. collected 0.001344MB. incr
LinearAlgebra/symmetriceigen       (16) |        started at 2023-07-05T19:43:05.176
LinearAlgebra/symmetriceigen       (16) |     5.59 |   0.05 |  0.9 |     162.01 |   802.18
GC: pause 0.46ms. collected 0.027640MB. incr
GC: pause 23.45ms. collected 0.000000MB. full recollect
GC: pause 106.75ms. collected 0.001344MB. incr
LinearAlgebra/abstractq            (12) |    12.01 |   0.23 |  1.9 |     447.60 |   677.74
GC: pause 3.54ms. collected 1.617632MB. incr
GC: pause 26.36ms. collected 0.000000MB. full recollect
GC: pause 106.06ms. collected 0.003984MB. incr
      From worker 16:   Arena 0:
      From worker 16:   system bytes     =  291815424
      From worker 16:   in use bytes     =  233825024
      From worker 16:   Total (incl. mmap):
      From worker 16:   system bytes     =  323592192
      From worker 16:   in use bytes     =  265601792
      From worker 16:   max mmap regions =         11
      From worker 16:   max mmap bytes   =   35975168
      From worker 16:   exec time       204.76860 sec
      From worker 16:   gc time         3.88797 sec (1.9%) in 159 (0 full) collections
      From worker 16:   gc pause        24.45 ms avg
      From worker 16:                   174 ms max
      From worker 16:                   (51% mark, 48% sweep,  0% finalizers)
      From worker 16:   page table max utilization : 1 (0.0%) - 1 (0.0%) - 15654 (23.9%)
      From worker 16:   malloc size     222 MB
      From worker 16:   max page alloc  0 MB
      From worker 16:   total freed     7701692140 b
      From worker 16:   free rate       1889.1 MB/sec
LinearAlgebra/structuredbroadcast  (11) |   196.03 |   1.43 |  0.7 |    3392.08 |   576.35
GC: pause 3.06ms. collected 1.066680MB. incr
GC: pause 25.23ms. collected 0.000000MB. full recollect
GC: pause 109.83ms. collected 0.012552MB. incr
      From worker 12:   Arena 0:
      From worker 12:   system bytes     =  205168640
      From worker 12:   in use bytes     =  196196928
      From worker 12:   Total (incl. mmap):
      From worker 12:   system bytes     =  236945408
      From worker 12:   in use bytes     =  227973696
      From worker 12:   max mmap regions =         11
      From worker 12:   max mmap bytes   =   35975168
      From worker 12:   exec time       205.28873 sec
      From worker 12:   gc time         2.96488 sec (1.4%) in 129 (0 full) collections
      From worker 12:   gc pause        22.98 ms avg
      From worker 12:                   173 ms max
      From worker 12:                   (54% mark, 45% sweep,  0% finalizers)
      From worker 12:   page table max utilization : 1 (0.0%) - 2 (0.0%) - 13348 (10.2%)
      From worker 12:   malloc size     187 MB
      From worker 12:   max page alloc  0 MB
      From worker 12:   total freed     6485945556 b
      From worker 12:   free rate       2086.3 MB/sec
      From worker 11:   Arena 0:
      From worker 11:   system bytes     =  155873280
      From worker 11:   in use bytes     =  144023632
      From worker 11:   Total (incl. mmap):
      From worker 11:   system bytes     =  175063040
      From worker 11:   in use bytes     =  163213392
      From worker 11:   max mmap regions =         10
      From worker 11:   max mmap bytes   =   19189760
      From worker 11:   exec time       205.59099 sec
      From worker 11:   gc time         1.80768 sec (0.9%) in 75 (0 full) collections
      From worker 11:   gc pause        24.10 ms avg
      From worker 11:                   176 ms max
      From worker 11:                   (52% mark, 47% sweep,  0% finalizers)
      From worker 11:   page table max utilization : 1 (0.0%) - 2 (0.0%) - 11094 (8.5%)
      From worker 11:   malloc size     137 MB
      From worker 11:   max page alloc  0 MB
      From worker 11:   total freed     3709879228 b
      From worker 11:   free rate       1957.2 MB/sec
LinearAlgebra/givens               (10) |    31.18 |   0.61 |  2.0 |     958.98 |  1134.57
GC: pause 0.62ms. collected 0.076080MB. incr
GC: pause 32.22ms. collected 0.000096MB. full recollect
GC: pause 104.83ms. collected 0.017024MB. incr
      From worker 10:   Arena 0:
      From worker 10:   system bytes     =  312328192
      From worker 10:   in use bytes     =  299224704
      From worker 10:   Total (incl. mmap):
      From worker 10:   system bytes     =  335712256
      From worker 10:   in use bytes     =  322608768
      From worker 10:   max mmap regions =         12
      From worker 10:   max mmap bytes   =   34406400
      From worker 10:   exec time       206.02973 sec
      From worker 10:   gc time         3.96949 sec (1.9%) in 121 (0 full) collections
      From worker 10:   gc pause        32.81 ms avg
      From worker 10:                   172 ms max
      From worker 10:                   (56% mark, 43% sweep,  0% finalizers)
      From worker 10:   page table max utilization : 1 (0.0%) - 2 (0.0%) - 29809 (22.7%)
      From worker 10:   malloc size     285 MB
      From worker 10:   max page alloc  0 MB
      From worker 10:   total freed     6045587776 b
      From worker 10:   free rate       1452.5 MB/sec
LinearAlgebra/eigen                (14) |   199.81 |   3.53 |  1.8 |    6742.84 |   926.02
GC: pause 2.99ms. collected 0.349984MB. incr
GC: pause 26.10ms. collected 0.007328MB. full recollect
GC: pause 110.59ms. collected 0.018040MB. incr
      From worker 14:   Arena 0:
      From worker 14:   system bytes     =  269099008
      From worker 14:   in use bytes     =  252287872
      From worker 14:   Total (incl. mmap):
      From worker 14:   system bytes     =  300875776
      From worker 14:   in use bytes     =  284064640
      From worker 14:   max mmap regions =         11
      From worker 14:   max mmap bytes   =   35975168
      From worker 14:   exec time       209.06737 sec
      From worker 14:   gc time         3.88608 sec (1.9%) in 144 (0 full) collections
      From worker 14:   gc pause        26.99 ms avg
      From worker 14:                   175 ms max
      From worker 14:                   (54% mark, 45% sweep,  0% finalizers)
      From worker 14:   page table max utilization : 1 (0.0%) - 2 (0.0%) - 23535 (18.0%)
      From worker 14:   malloc size     240 MB
      From worker 14:   max page alloc  0 MB
      From worker 14:   total freed     6993428096 b
      From worker 14:   free rate       1716.2 MB/sec
LinearAlgebra/schur                (17) |    73.10 |   0.99 |  1.4 |    2076.65 |   813.14
GC: pause 0.49ms. collected 0.160752MB. incr
GC: pause 26.72ms. collected 0.006992MB. full recollect
GC: pause 100.68ms. collected 0.010320MB. incr
      From worker 17:   Arena 0:
      From worker 17:   system bytes     =  247418880
      From worker 17:   in use bytes     =  237072448
      From worker 17:   Total (incl. mmap):
      From worker 17:   system bytes     =  279195648
      From worker 17:   in use bytes     =  268849216
      From worker 17:   max mmap regions =         14
      From worker 17:   max mmap bytes   =   42344448
      From worker 17:   exec time       209.81859 sec
      From worker 17:   gc time         3.60490 sec (1.7%) in 142 (0 full) collections
      From worker 17:   gc pause        25.39 ms avg
      From worker 17:                   245 ms max
      From worker 17:                   (55% mark, 44% sweep,  0% finalizers)
      From worker 17:   page table max utilization : 1 (0.0%) - 2 (0.0%) - 16377 (12.5%)
      From worker 17:   malloc size     226 MB
      From worker 17:   max page alloc  0 MB
      From worker 17:   total freed     7360226364 b
      From worker 17:   free rate       1947.1 MB/sec
LinearAlgebra/svd                  (13) |   204.14 |   3.31 |  1.6 |    6412.05 |   919.78
GC: pause 0.45ms. collected 0.098168MB. incr
GC: pause 22.06ms. collected 0.003712MB. full recollect
GC: pause 93.75ms. collected 0.011136MB. incr
      From worker 13:   Arena 0:
      From worker 13:   system bytes     =  287436800
      From worker 13:   in use bytes     =  255810928
      From worker 13:   Total (incl. mmap):
      From worker 13:   system bytes     =  319213568
      From worker 13:   in use bytes     =  287587696
      From worker 13:   max mmap regions =         12
      From worker 13:   max mmap bytes   =   31776768
      From worker 13:   exec time       213.32456 sec
      From worker 13:   gc time         3.64235 sec (1.7%) in 127 (0 full) collections
      From worker 13:   gc pause        28.68 ms avg
      From worker 13:                   174 ms max
      From worker 13:                   (54% mark, 45% sweep,  0% finalizers)
      From worker 13:   page table max utilization : 1 (0.0%) - 2 (0.0%) - 22925 (17.5%)
      From worker 13:   malloc size     243 MB
      From worker 13:   max page alloc  0 MB
      From worker 13:   total freed     6604159628 b
      From worker 13:   free rate       1729.2 MB/sec
LinearAlgebra/generic              (15) |    90.37 |   1.71 |  1.9 |    3034.14 |   905.14
GC: pause 0.49ms. collected 0.094200MB. incr
GC: pause 19.67ms. collected 0.003736MB. full recollect
GC: pause 98.78ms. collected 0.022016MB. incr
      From worker 15:   Arena 0:
      From worker 15:   system bytes     =  288694272
      From worker 15:   in use bytes     =  263778448
      From worker 15:   Total (incl. mmap):
      From worker 15:   system bytes     =  320466944
      From worker 15:   in use bytes     =  295551120
      From worker 15:   max mmap regions =         12
      From worker 15:   max mmap bytes   =   40169472
      From worker 15:   exec time       226.78748 sec
      From worker 15:   gc time         4.22200 sec (1.9%) in 173 (0 full) collections
      From worker 15:   gc pause        24.40 ms avg
      From worker 15:                   179 ms max
      From worker 15:                   (53% mark, 46% sweep,  0% finalizers)
      From worker 15:   page table max utilization : 1 (0.0%) - 1 (0.0%) - 14872 (22.7%)
      From worker 15:   malloc size     251 MB
      From worker 15:   max page alloc  0 MB
      From worker 15:   total freed     8484210092 b
      From worker 15:   free rate       1916.4 MB/sec
LinearAlgebra/qr                    (6) |   228.55 |   3.71 |  1.6 |    8498.08 |   840.92
GC: pause 0.46ms. collected 0.938480MB. incr
GC: pause 20.32ms. collected 0.035824MB. full recollect
GC: pause 93.63ms. collected 0.012456MB. incr
      From worker 6:    Arena 0:
      From worker 6:    system bytes     =  300113920
      From worker 6:    in use bytes     =  269307072
      From worker 6:    Total (incl. mmap):
      From worker 6:    system bytes     =  340279296
      From worker 6:    in use bytes     =  309472448
      From worker 6:    max mmap regions =         11
      From worker 6:    max mmap bytes   =   48558080
      From worker 6:    exec time       237.73172 sec
      From worker 6:    gc time         4.03822 sec (1.7%) in 178 (0 full) collections
      From worker 6:    gc pause        22.69 ms avg
      From worker 6:                    159 ms max
      From worker 6:                    (51% mark, 48% sweep,  0% finalizers)
      From worker 6:    page table max utilization : 1 (0.0%) - 2 (0.0%) - 15412 (11.8%)
      From worker 6:    malloc size     256 MB
      From worker 6:    max page alloc  0 MB
      From worker 6:    total freed     8996377580 b
      From worker 6:    free rate       2124.6 MB/sec
LinearAlgebra/bunchkaufman          (8) |   103.60 |   1.84 |  1.8 |    4048.65 |   959.04
GC: pause 0.39ms. collected 0.233736MB. incr
GC: pause 17.43ms. collected 0.009528MB. full recollect
GC: pause 68.85ms. collected 0.075512MB. incr
      From worker 8:    Arena 0:
      From worker 8:    system bytes     =  385658880
      From worker 8:    in use bytes     =  356432912
      From worker 8:    Total (incl. mmap):
      From worker 8:    system bytes     =  409038848
      From worker 8:    in use bytes     =  379812880
      From worker 8:    max mmap regions =         20
      From worker 8:    max mmap bytes   =   62005248
      From worker 8:    exec time       241.11579 sec
      From worker 8:    gc time         4.09231 sec (1.7%) in 173 (0 full) collections
      From worker 8:    gc pause        23.65 ms avg
      From worker 8:                    178 ms max
      From worker 8:                    (53% mark, 46% sweep,  0% finalizers)
      From worker 8:    page table max utilization : 1 (0.0%) - 2 (0.0%) - 20588 (15.7%)
      From worker 8:    malloc size     339 MB
      From worker 8:    max page alloc  0 MB
      From worker 8:    total freed     8595426577 b
      From worker 8:    free rate       2003.1 MB/sec
LinearAlgebra/lu                    (9) |   245.10 |   4.56 |  1.9 |   10179.93 |   958.51
GC: pause 0.35ms. collected 0.095672MB. incr
GC: pause 15.22ms. collected 0.003616MB. full recollect
GC: pause 58.65ms. collected 0.013784MB. incr
      From worker 9:    Arena 0:
      From worker 9:    system bytes     =  371892224
      From worker 9:    in use bytes     =  357691328
      From worker 9:    Total (incl. mmap):
      From worker 9:    system bytes     =  420446208
      From worker 9:    in use bytes     =  406245312
      From worker 9:    max mmap regions =         12
      From worker 9:    max mmap bytes   =   56946688
      From worker 9:    exec time       254.25915 sec
      From worker 9:    gc time         4.95633 sec (1.9%) in 214 (0 full) collections
      From worker 9:    gc pause        23.16 ms avg
      From worker 9:                    177 ms max
      From worker 9:                    (49% mark, 50% sweep,  0% finalizers)
      From worker 9:    page table max utilization : 1 (0.0%) - 2 (0.0%) - 19958 (15.2%)
      From worker 9:    malloc size     341 MB
      From worker 9:    max page alloc  0 MB
      From worker 9:    total freed     10675550562 b
      From worker 9:    free rate       2054.1 MB/sec
LinearAlgebra/cholesky              (7) |   250.54 |   3.91 |  1.6 |    9189.08 |   886.91
GC: pause 0.33ms. collected 0.372408MB. incr
GC: pause 16.10ms. collected 0.014544MB. full recollect
GC: pause 59.12ms. collected 0.011088MB. incr
      From worker 7:    Arena 0:
      From worker 7:    system bytes     =  306556928
      From worker 7:    in use bytes     =  296003808
      From worker 7:    Total (incl. mmap):
      From worker 7:    system bytes     =  355110912
      From worker 7:    in use bytes     =  344557792
      From worker 7:    max mmap regions =         12
      From worker 7:    max mmap bytes   =   56946688
      From worker 7:    exec time       259.67083 sec
      From worker 7:    gc time         4.26168 sec (1.6%) in 196 (0 full) collections
      From worker 7:    gc pause        21.74 ms avg
      From worker 7:                    173 ms max
      From worker 7:                    (51% mark, 48% sweep,  0% finalizers)
      From worker 7:    page table max utilization : 1 (0.0%) - 2 (0.0%) - 18513 (14.1%)
      From worker 7:    malloc size     282 MB
      From worker 7:    max page alloc  0 MB
      From worker 7:    total freed     9676277234 b
      From worker 7:    free rate       2165.3 MB/sec
LinearAlgebra/special               (5) |   316.81 |   3.55 |  1.1 |   14477.96 |  1005.25
GC: pause 0.30ms. collected 0.232544MB. incr
GC: pause 13.09ms. collected 0.009384MB. full recollect
GC: pause 55.02ms. collected 0.010832MB. incr
      From worker 5:    Arena 0:
      From worker 5:    system bytes     =  431849472
      From worker 5:    in use bytes     =  392856144
      From worker 5:    Total (incl. mmap):
      From worker 5:    system bytes     =  497180672
      From worker 5:    in use bytes     =  458187344
      From worker 5:    max mmap regions =         11
      From worker 5:    max mmap bytes   =   82112512
      From worker 5:    exec time       325.93516 sec
      From worker 5:    gc time         3.89912 sec (1.2%) in 274 (0 full) collections
      From worker 5:    gc pause        14.23 ms avg
      From worker 5:                    176 ms max
      From worker 5:                    (49% mark, 50% sweep,  0% finalizers)
      From worker 5:    page table max utilization : 1 (0.0%) - 2 (0.0%) - 16384 (12.5%)
      From worker 5:    malloc size     374 MB
      From worker 5:    max page alloc  0 MB
      From worker 5:    total freed     15322090144 b
      From worker 5:    free rate       3747.6 MB/sec
LinearAlgebra/symmetric             (3) |   370.05 |   7.74 |  2.1 |   16046.03 |  2081.32
GC: pause 0.30ms. collected 0.374680MB. incr
GC: pause 13.67ms. collected 0.013496MB. full recollect
GC: pause 50.55ms. collected 0.008432MB. incr
      From worker 3:    Arena 0:
      From worker 3:    system bytes     =  707035136
      From worker 3:    in use bytes     =  682169008
      From worker 3:    Total (incl. mmap):
      From worker 3:    system bytes     =  763977728
      From worker 3:    in use bytes     =  739111600
      From worker 3:    max mmap regions =         12
      From worker 3:    max mmap bytes   =   65335296
      From worker 3:    exec time       379.19471 sec
      From worker 3:    gc time         8.13297 sec (2.1%) in 323 (0 full) collections
      From worker 3:    gc pause        25.18 ms avg
      From worker 3:                    174 ms max
      From worker 3:                    (53% mark, 46% sweep,  0% finalizers)
      From worker 3:    page table max utilization : 1 (0.0%) - 3 (0.0%) - 69768 (35.5%)
      From worker 3:    malloc size     650 MB
      From worker 3:    max page alloc  0 MB
      From worker 3:    total freed     15743296816 b
      From worker 3:    free rate       1846.1 MB/sec
LinearAlgebra/dense                 (2) |   403.24 |   8.84 |  2.2 |   19284.38 |  2241.33
GC: pause 0.29ms. collected 0.232056MB. incr
GC: pause 10.99ms. collected 0.009752MB. full recollect
GC: pause 45.78ms. collected 0.008176MB. incr
      From worker 2:    Arena 0:
      From worker 2:    system bytes     =  834691072
      From worker 2:    in use bytes     =  802102320
      From worker 2:    Total (incl. mmap):
      From worker 2:    system bytes     =  916799488
      From worker 2:    in use bytes     =  884210736
      From worker 2:    max mmap regions =         14
      From worker 2:    max mmap bytes   =   98889728
      From worker 2:    exec time       412.39577 sec
      From worker 2:    gc time         9.17129 sec (2.2%) in 388 (0 full) collections
      From worker 2:    gc pause        23.64 ms avg
      From worker 2:                    155 ms max
      From worker 2:                    (54% mark, 45% sweep,  0% finalizers)
      From worker 2:    page table max utilization : 1 (0.0%) - 3 (0.0%) - 71440 (36.3%)
      From worker 2:    malloc size     764 MB
      From worker 2:    max page alloc  0 MB
      From worker 2:    total freed     19098558936 b
      From worker 2:    free rate       1986.0 MB/sec
LinearAlgebra/diagonal              (4) |   431.66 |  11.18 |  2.6 |   21379.03 |  2481.93
GC: pause 0.23ms. collected 0.230912MB. incr
GC: pause 10.06ms. collected 0.010440MB. full recollect
GC: pause 44.27ms. collected 0.010672MB. incr
      From worker 4:    Arena 0:
      From worker 4:    system bytes     =  871448576
      From worker 4:    in use bytes     =  840697264
      From worker 4:    Total (incl. mmap):
      From worker 4:    system bytes     =  928387072
      From worker 4:    in use bytes     =  897635760
      From worker 4:    max mmap regions =         15
      From worker 4:    max mmap bytes   =   73719808
      From worker 4:    exec time       440.78695 sec
      From worker 4:    gc time         11.54717 sec (2.6%) in 447 (0 full) collections
      From worker 4:    gc pause        25.83 ms avg
      From worker 4:                    174 ms max
      From worker 4:                    (54% mark, 45% sweep,  0% finalizers)
      From worker 4:    page table max utilization : 1 (0.0%) - 3 (0.0%) - 86263 (43.9%)
      From worker 4:    malloc size     801 MB
      From worker 4:    max page alloc  0 MB
      From worker 4:    total freed     20980562800 b
      From worker 4:    free rate       1732.8 MB/sec

Test Summary: |  Pass  Broken  Total     Time
  Overall     | 47424      17  47441  7m14.8s
    SUCCESS
Arena 0:
system bytes     =   33230848
in use bytes     =   24781168
Total (incl. mmap):
system bytes     =   48222208
in use bytes     =   39772528
max mmap regions =         13
max mmap bytes   =   16674816
exec time       442.95217 sec
gc time         3.20478 sec (0.7%) in 64 (26 full) collections
gc pause        50.07 ms avg
                123 ms max
                (80% mark, 19% sweep,  0% finalizers)
page table max utilization : 1 (0.0%) - 2 (0.0%) - 5921 (4.5%)
malloc size     23 MB
max page alloc  0 MB
total freed     615240964 b
free rate       183.1 MB/sec
$ free -h
               total        used        free      shared  buff/cache   available
Mem:            15Gi       964Mi        12Gi       198Mi       1.8Gi        13Gi
Swap:          8.0Gi          0B       8.0Gi
